d:\2020nextpos\src\xzdata\xzdataapi\xzdataapi\release\xzdataapi.pch
d:\2020nextpos\src\xzdata\xzdataapi\xzdataapi\release\vc142.pdb
d:\2020nextpos\src\xzdata\xzdataapi\xzdataapi\release\stdafx.obj
d:\2020nextpos\src\xzdata\xzdataapi\xzdataapi\release\dllmain.obj
d:\2020nextpos\src\xzdata\xzdataapi\xzdataapi\release\xzdataapi.obj
d:\2020nextpos\src\xzdata\xzdataapi\xzdataapi\release\uxzdataclass.obj
d:\2020nextpos\src\xzdata\xzdataapi\xzdataapi\release\ureport.obj
d:\2020nextpos\src\xzdata\xzdataapi\xzdataapi\release\ulog.obj
d:\2020nextpos\src\xzdata\xzdataapi\xzdataapi\release\lcommon.obj
d:\2020nextpos\src\xzdata\xzdataapi\xzdataapi\release\ini.obj
d:\2020nextpos\src\xzdata\xzdataapi\release\xzdataapi.dll
d:\2020nextpos\src\xzdata\xzdataapi\xzdataapi\release\xzdataapi.ipdb
d:\2020nextpos\src\xzdata\xzdataapi\xzdataapi\release\xzdataapi.iobj
d:\2020nextpos\src\xzdata\xzdataapi\release\xzdataapi.pdb
d:\2020nextpos\src\xzdata\xzdataapi\xzdataapi\release\xzdataapi.res
d:\2020nextpos\src\xzdata\xzdataapi\release\xzdataapi.lib
d:\2020nextpos\src\xzdata\xzdataapi\release\xzdataapi.exp
d:\2020nextpos\src\xzdata\xzdataapi\xzdataapi\release\xzdataapi.tlog\cl.command.1.tlog
d:\2020nextpos\src\xzdata\xzdataapi\xzdataapi\release\xzdataapi.tlog\cl.read.1.tlog
d:\2020nextpos\src\xzdata\xzdataapi\xzdataapi\release\xzdataapi.tlog\cl.write.1.tlog
d:\2020nextpos\src\xzdata\xzdataapi\xzdataapi\release\xzdataapi.tlog\link.command.1.tlog
d:\2020nextpos\src\xzdata\xzdataapi\xzdataapi\release\xzdataapi.tlog\link.read.1.tlog
d:\2020nextpos\src\xzdata\xzdataapi\xzdataapi\release\xzdataapi.tlog\link.write.1.tlog
d:\2020nextpos\src\xzdata\xzdataapi\xzdataapi\release\xzdataapi.tlog\rc.command.1.tlog
d:\2020nextpos\src\xzdata\xzdataapi\xzdataapi\release\xzdataapi.tlog\rc.read.1.tlog
d:\2020nextpos\src\xzdata\xzdataapi\xzdataapi\release\xzdataapi.tlog\rc.write.1.tlog
d:\2020nextpos\src\xzdata\xzdataapi\xzdataapi\release\xzdataapi.tlog\xzdataapi.write.1u.tlog
